app/manifest-merger-release-report.txt
-- Merging decision tree log ---
manifest
ADDED from AndroidManifest.xml:2:1
	xmlns:android
		ADDED from AndroidManifest.xml:2:11
	package
		ADDED from AndroidManifest.xml:3:5
		INJECTED from AndroidManifest.xml:0:0
		INJECTED from AndroidManifest.xml:0:0
	android:versionName
		INJECTED from AndroidManifest.xml:0:0
		INJECTED from AndroidManifest.xml:0:0
	android:versionCode
		INJECTED from AndroidManifest.xml:0:0
		INJECTED from AndroidManifest.xml:0:0
uses-permission#android.permission.INTERNET
ADDED from AndroidManifest.xml:5:5
	android:name
		ADDED from AndroidManifest.xml:5:22
uses-permission#android.permission.ACCESS_NETWORK_STATE
ADDED from AndroidManifest.xml:6:5
	android:name
		ADDED from AndroidManifest.xml:6:22
application
ADDED from AndroidManifest.xml:8:5
MERGED from com.facebook.android:facebook:3.20.0:24:5
MERGED from com.android.support:support-v4:20.0.0:17:5
	android:label
		ADDED from AndroidManifest.xml:11:9
	android:allowBackup
		ADDED from AndroidManifest.xml:9:9
	android:icon
		ADDED from AndroidManifest.xml:10:9
	android:theme
		ADDED from AndroidManifest.xml:12:9
meta-data#com.facebook.sdk.ApplicationId
ADDED from AndroidManifest.xml:13:9
	android:name
		ADDED from AndroidManifest.xml:14:13
	android:value
		ADDED from AndroidManifest.xml:15:13
activity#com.ec9.MainActivity
ADDED from AndroidManifest.xml:17:9
	android:screenOrientation
		ADDED from AndroidManifest.xml:20:13
	android:label
		ADDED from AndroidManifest.xml:19:13
	android:name
		ADDED from AndroidManifest.xml:18:13
intent-filter#android.intent.action.MAIN+android.intent.category.LAUNCHER
ADDED from AndroidManifest.xml:21:13
action#android.intent.action.MAIN
ADDED from AndroidManifest.xml:22:17
	android:name
		ADDED from AndroidManifest.xml:22:25
category#android.intent.category.LAUNCHER
ADDED from AndroidManifest.xml:24:17
	android:name
		ADDED from AndroidManifest.xml:24:27
activity#com.facebook.LoginActivity
ADDED from AndroidManifest.xml:27:9
	android:label
		ADDED from AndroidManifest.xml:29:13
	android:theme
		ADDED from AndroidManifest.xml:30:13
	android:name
		ADDED from AndroidManifest.xml:28:13
provider#com.facebook.NativeAppCallContentProvider
ADDED from AndroidManifest.xml:36:9
	android:exported
		ADDED from AndroidManifest.xml:39:13
	android:authorities
		ADDED from AndroidManifest.xml:38:13
	android:name
		ADDED from AndroidManifest.xml:37:13
receiver#com.ec9.Ec9FacebookBroadcastReceiver
ADDED from AndroidManifest.xml:41:9
	android:name
		ADDED from AndroidManifest.xml:41:19
intent-filter#com.facebook.platform.AppCallResultBroadcast
ADDED from AndroidManifest.xml:42:13
action#com.facebook.platform.AppCallResultBroadcast
ADDED from AndroidManifest.xml:43:17
	android:name
		ADDED from AndroidManifest.xml:43:25
activity#com.ec9.LoginActivity
ADDED from AndroidManifest.xml:47:9
	android:screenOrientation
		ADDED from AndroidManifest.xml:51:13
	android:label
		ADDED from AndroidManifest.xml:49:13
	android:parentActivityName
		ADDED from AndroidManifest.xml:50:13
	android:name
		ADDED from AndroidManifest.xml:48:13
meta-data#android.support.PARENT_ACTIVITY
ADDED from AndroidManifest.xml:52:13
	android:name
		ADDED from AndroidManifest.xml:53:17
	android:value
		ADDED from AndroidManifest.xml:54:17
activity#com.ec9.InternActivity
ADDED from AndroidManifest.xml:56:9
	android:screenOrientation
		ADDED from AndroidManifest.xml:60:13
	android:label
		ADDED from AndroidManifest.xml:58:13
	android:name
		ADDED from AndroidManifest.xml:57:13
	android:launchMode
		ADDED from AndroidManifest.xml:59:13
activity#com.ec9.MenuActivity
ADDED from AndroidManifest.xml:61:9
	android:screenOrientation
		ADDED from AndroidManifest.xml:66:13
	android:label
		ADDED from AndroidManifest.xml:63:13
	android:parentActivityName
		ADDED from AndroidManifest.xml:65:13
	android:name
		ADDED from AndroidManifest.xml:62:13
	android:launchMode
		ADDED from AndroidManifest.xml:64:13
activity#com.ec9.AddItemActivity
ADDED from AndroidManifest.xml:71:9
	android:screenOrientation
		ADDED from AndroidManifest.xml:75:13
	android:label
		ADDED from AndroidManifest.xml:73:13
	android:parentActivityName
		ADDED from AndroidManifest.xml:74:13
	android:name
		ADDED from AndroidManifest.xml:72:13
activity#com.ec9.OrderReviewActivity
ADDED from AndroidManifest.xml:80:9
	android:screenOrientation
		ADDED from AndroidManifest.xml:84:13
	android:label
		ADDED from AndroidManifest.xml:82:13
	android:parentActivityName
		ADDED from AndroidManifest.xml:83:13
	android:name
		ADDED from AndroidManifest.xml:81:13
activity#com.ec9.OrderSentActivity
ADDED from AndroidManifest.xml:89:9
	android:screenOrientation
		ADDED from AndroidManifest.xml:93:13
	android:label
		ADDED from AndroidManifest.xml:91:13
	android:parentActivityName
		ADDED from AndroidManifest.xml:92:13
	android:name
		ADDED from AndroidManifest.xml:90:13
activity#com.ec9.AssociateActivity
ADDED from AndroidManifest.xml:98:9
	android:label
		ADDED from AndroidManifest.xml:100:13
	android:name
		ADDED from AndroidManifest.xml:99:13
activity#com.ec9.RegisterActivity
ADDED from AndroidManifest.xml:101:9
	android:label
		ADDED from AndroidManifest.xml:103:13
	android:parentActivityName
		ADDED from AndroidManifest.xml:104:13
	android:name
		ADDED from AndroidManifest.xml:102:13
uses-sdk
INJECTED from AndroidManifest.xml:0:0 reason: use-sdk injection requested
MERGED from com.facebook.android:facebook:3.20.0:20:5
MERGED from com.android.support:support-v4:20.0.0:16:5
	android:targetSdkVersion
		INJECTED from AndroidManifest.xml:0:0
		INJECTED from AndroidManifest.xml:0:0
	android:minSdkVersion
		INJECTED from AndroidManifest.xml:0:0
		INJECTED from AndroidManifest.xml:0:0